2021-10-13 21:26:41.274  INFO 16664 --- [main] c.e.springweb.ProductrestapiApplication  : Starting ProductrestapiApplication using Java 1.8.0_301 on DESKTOP-0G34TU3 with PID 16664 (D:\Java Workspace-1\productrestapi\target\classes started by passi in D:\Java Workspace-1\productrestapi)
2021-10-13 21:26:41.277  INFO 16664 --- [main] c.e.springweb.ProductrestapiApplication  : No active profile set, falling back to default profiles: default
2021-10-13 21:26:41.741  INFO 16664 --- [main] .s.d.r.c.RepositoryConfigurationDelegate : Bootstrapping Spring Data JPA repositories in DEFAULT mode.
2021-10-13 21:26:41.777  INFO 16664 --- [main] .s.d.r.c.RepositoryConfigurationDelegate : Finished Spring Data repository scanning in 29 ms. Found 1 JPA repository interfaces.
2021-10-13 21:26:42.142  INFO 16664 --- [main] o.s.b.w.embedded.tomcat.TomcatWebServer  : Tomcat initialized with port(s): 8080 (http)
2021-10-13 21:26:42.150  INFO 16664 --- [main] o.apache.catalina.core.StandardService   : Starting service [Tomcat]
2021-10-13 21:26:42.150  INFO 16664 --- [main] org.apache.catalina.core.StandardEngine  : Starting Servlet engine: [Apache Tomcat/9.0.53]
2021-10-13 21:26:42.215  INFO 16664 --- [main] o.a.c.c.C.[.[localhost].[/productapi]    : Initializing Spring embedded WebApplicationContext
2021-10-13 21:26:42.216  INFO 16664 --- [main] w.s.c.ServletWebServerApplicationContext : Root WebApplicationContext: initialization completed in 906 ms
2021-10-13 21:26:42.326  INFO 16664 --- [main] com.zaxxer.hikari.HikariDataSource       : HikariPool-1 - Starting...
2021-10-13 21:26:42.845  INFO 16664 --- [main] com.zaxxer.hikari.HikariDataSource       : HikariPool-1 - Start completed.
2021-10-13 21:26:42.881  INFO 16664 --- [main] o.hibernate.jpa.internal.util.LogHelper  : HHH000204: Processing PersistenceUnitInfo [name: default]
2021-10-13 21:26:42.919  INFO 16664 --- [main] org.hibernate.Version                    : HHH000412: Hibernate ORM core version 5.4.32.Final
2021-10-13 21:26:43.025  INFO 16664 --- [main] o.hibernate.annotations.common.Version   : HCANN000001: Hibernate Commons Annotations {5.1.2.Final}
2021-10-13 21:26:43.126  INFO 16664 --- [main] org.hibernate.dialect.Dialect            : HHH000400: Using dialect: org.hibernate.dialect.MySQL8Dialect
2021-10-13 21:26:43.552  INFO 16664 --- [main] o.h.e.t.j.p.i.JtaPlatformInitiator       : HHH000490: Using JtaPlatform implementation: [org.hibernate.engine.transaction.jta.platform.internal.NoJtaPlatform]
2021-10-13 21:26:43.560  INFO 16664 --- [main] j.LocalContainerEntityManagerFactoryBean : Initialized JPA EntityManagerFactory for persistence unit 'default'
2021-10-13 21:26:43.763  WARN 16664 --- [main] JpaBaseConfiguration$JpaWebConfiguration : spring.jpa.open-in-view is enabled by default. Therefore, database queries may be performed during view rendering. Explicitly configure spring.jpa.open-in-view to disable this warning
2021-10-13 21:26:44.010  INFO 16664 --- [main] o.s.b.w.embedded.tomcat.TomcatWebServer  : Tomcat started on port(s): 8080 (http) with context path '/productapi'
2021-10-13 21:26:44.016  INFO 16664 --- [main] c.e.springweb.ProductrestapiApplication  : Started ProductrestapiApplication in 3.044 seconds (JVM running for 3.651)
2021-10-13 21:28:09.028  INFO 16664 --- [RMI TCP Connection(11)-127.0.0.1] inMXBeanRegistrar$SpringApplicationAdmin : Application shutdown requested.
2021-10-13 21:28:09.190  INFO 16664 --- [RMI TCP Connection(11)-127.0.0.1] j.LocalContainerEntityManagerFactoryBean : Closing JPA EntityManagerFactory for persistence unit 'default'
2021-10-13 21:28:09.191  INFO 16664 --- [RMI TCP Connection(11)-127.0.0.1] com.zaxxer.hikari.HikariDataSource       : HikariPool-1 - Shutdown initiated...
2021-10-13 21:28:09.195  INFO 16664 --- [RMI TCP Connection(11)-127.0.0.1] com.zaxxer.hikari.HikariDataSource       : HikariPool-1 - Shutdown completed.
2021-10-13 21:28:15.266  INFO 2856 --- [main] c.e.springweb.ProductrestapiApplication  : Starting ProductrestapiApplication using Java 1.8.0_301 on DESKTOP-0G34TU3 with PID 2856 (D:\Java Workspace-1\productrestapi\target\classes started by passi in D:\Java Workspace-1\productrestapi)
2021-10-13 21:28:15.269  INFO 2856 --- [main] c.e.springweb.ProductrestapiApplication  : No active profile set, falling back to default profiles: default
2021-10-13 21:28:15.845  INFO 2856 --- [main] .s.d.r.c.RepositoryConfigurationDelegate : Bootstrapping Spring Data JPA repositories in DEFAULT mode.
2021-10-13 21:28:15.881  INFO 2856 --- [main] .s.d.r.c.RepositoryConfigurationDelegate : Finished Spring Data repository scanning in 29 ms. Found 1 JPA repository interfaces.
2021-10-13 21:28:16.250  INFO 2856 --- [main] o.s.b.w.embedded.tomcat.TomcatWebServer  : Tomcat initialized with port(s): 8080 (http)
2021-10-13 21:28:16.258  INFO 2856 --- [main] o.apache.catalina.core.StandardService   : Starting service [Tomcat]
2021-10-13 21:28:16.259  INFO 2856 --- [main] org.apache.catalina.core.StandardEngine  : Starting Servlet engine: [Apache Tomcat/9.0.53]
2021-10-13 21:28:16.337  INFO 2856 --- [main] o.a.c.c.C.[.[localhost].[/productapi]    : Initializing Spring embedded WebApplicationContext
2021-10-13 21:28:16.337  INFO 2856 --- [main] w.s.c.ServletWebServerApplicationContext : Root WebApplicationContext: initialization completed in 1037 ms
2021-10-13 21:28:16.525  INFO 2856 --- [main] com.zaxxer.hikari.HikariDataSource       : HikariPool-1 - Starting...
2021-10-13 21:28:17.041  INFO 2856 --- [main] com.zaxxer.hikari.HikariDataSource       : HikariPool-1 - Start completed.
2021-10-13 21:28:17.077  INFO 2856 --- [main] o.hibernate.jpa.internal.util.LogHelper  : HHH000204: Processing PersistenceUnitInfo [name: default]
2021-10-13 21:28:17.115  INFO 2856 --- [main] org.hibernate.Version                    : HHH000412: Hibernate ORM core version 5.4.32.Final
2021-10-13 21:28:17.219  INFO 2856 --- [main] o.hibernate.annotations.common.Version   : HCANN000001: Hibernate Commons Annotations {5.1.2.Final}
2021-10-13 21:28:17.318  INFO 2856 --- [main] org.hibernate.dialect.Dialect            : HHH000400: Using dialect: org.hibernate.dialect.MySQL8Dialect
2021-10-13 21:28:17.749  INFO 2856 --- [main] o.h.e.t.j.p.i.JtaPlatformInitiator       : HHH000490: Using JtaPlatform implementation: [org.hibernate.engine.transaction.jta.platform.internal.NoJtaPlatform]
2021-10-13 21:28:17.757  INFO 2856 --- [main] j.LocalContainerEntityManagerFactoryBean : Initialized JPA EntityManagerFactory for persistence unit 'default'
2021-10-13 21:28:17.977  WARN 2856 --- [main] JpaBaseConfiguration$JpaWebConfiguration : spring.jpa.open-in-view is enabled by default. Therefore, database queries may be performed during view rendering. Explicitly configure spring.jpa.open-in-view to disable this warning
2021-10-13 21:28:18.426  INFO 2856 --- [main] o.s.b.a.e.web.EndpointLinksResolver      : Exposing 1 endpoint(s) beneath base path '/actuator'
2021-10-13 21:28:18.459  INFO 2856 --- [main] o.s.b.w.embedded.tomcat.TomcatWebServer  : Tomcat started on port(s): 8080 (http) with context path '/productapi'
2021-10-13 21:28:18.469  INFO 2856 --- [main] c.e.springweb.ProductrestapiApplication  : Started ProductrestapiApplication in 3.506 seconds (JVM running for 4.073)
2021-10-13 21:28:38.934  INFO 2856 --- [http-nio-8080-exec-1] o.a.c.c.C.[.[localhost].[/productapi]    : Initializing Spring DispatcherServlet 'dispatcherServlet'
2021-10-13 21:28:38.934  INFO 2856 --- [http-nio-8080-exec-1] o.s.web.servlet.DispatcherServlet        : Initializing Servlet 'dispatcherServlet'
2021-10-13 21:28:38.935  INFO 2856 --- [http-nio-8080-exec-1] o.s.web.servlet.DispatcherServlet        : Completed initialization in 1 ms
2021-10-13 21:41:31.425  WARN 2856 --- [HikariPool-1 housekeeper] com.zaxxer.hikari.pool.HikariPool        : HikariPool-1 - Thread starvation or clock leap detected (housekeeper delta=1m14s58ms31µs500ns).
2021-10-13 22:23:18.006  INFO 2856 --- [RMI TCP Connection(64)-127.0.0.1] inMXBeanRegistrar$SpringApplicationAdmin : Application shutdown requested.
2021-10-13 22:23:18.194  INFO 2856 --- [RMI TCP Connection(64)-127.0.0.1] j.LocalContainerEntityManagerFactoryBean : Closing JPA EntityManagerFactory for persistence unit 'default'
2021-10-13 22:23:18.195  INFO 2856 --- [RMI TCP Connection(64)-127.0.0.1] com.zaxxer.hikari.HikariDataSource       : HikariPool-1 - Shutdown initiated...
2021-10-13 22:23:18.202  INFO 2856 --- [RMI TCP Connection(64)-127.0.0.1] com.zaxxer.hikari.HikariDataSource       : HikariPool-1 - Shutdown completed.
2021-10-13 22:23:24.531  INFO 9464 --- [main] c.e.springweb.ProductrestapiApplication  : Starting ProductrestapiApplication using Java 1.8.0_301 on DESKTOP-0G34TU3 with PID 9464 (D:\Java Workspace-1\productrestapi\target\classes started by passi in D:\Java Workspace-1\productrestapi)
2021-10-13 22:23:24.533  INFO 9464 --- [main] c.e.springweb.ProductrestapiApplication  : No active profile set, falling back to default profiles: default
2021-10-13 22:23:25.119  INFO 9464 --- [main] .s.d.r.c.RepositoryConfigurationDelegate : Bootstrapping Spring Data JPA repositories in DEFAULT mode.
2021-10-13 22:23:25.156  INFO 9464 --- [main] .s.d.r.c.RepositoryConfigurationDelegate : Finished Spring Data repository scanning in 30 ms. Found 1 JPA repository interfaces.
2021-10-13 22:23:25.530  INFO 9464 --- [main] o.s.b.w.embedded.tomcat.TomcatWebServer  : Tomcat initialized with port(s): 8080 (http)
2021-10-13 22:23:25.537  INFO 9464 --- [main] o.apache.catalina.core.StandardService   : Starting service [Tomcat]
2021-10-13 22:23:25.537  INFO 9464 --- [main] org.apache.catalina.core.StandardEngine  : Starting Servlet engine: [Apache Tomcat/9.0.53]
2021-10-13 22:23:25.616  INFO 9464 --- [main] o.a.c.c.C.[.[localhost].[/productapi]    : Initializing Spring embedded WebApplicationContext
2021-10-13 22:23:25.617  INFO 9464 --- [main] w.s.c.ServletWebServerApplicationContext : Root WebApplicationContext: initialization completed in 1054 ms
2021-10-13 22:23:25.800  INFO 9464 --- [main] com.zaxxer.hikari.HikariDataSource       : HikariPool-1 - Starting...
2021-10-13 22:23:26.322  INFO 9464 --- [main] com.zaxxer.hikari.HikariDataSource       : HikariPool-1 - Start completed.
2021-10-13 22:23:26.359  INFO 9464 --- [main] o.hibernate.jpa.internal.util.LogHelper  : HHH000204: Processing PersistenceUnitInfo [name: default]
2021-10-13 22:23:26.399  INFO 9464 --- [main] org.hibernate.Version                    : HHH000412: Hibernate ORM core version 5.4.32.Final
2021-10-13 22:23:26.505  INFO 9464 --- [main] o.hibernate.annotations.common.Version   : HCANN000001: Hibernate Commons Annotations {5.1.2.Final}
2021-10-13 22:23:26.606  INFO 9464 --- [main] org.hibernate.dialect.Dialect            : HHH000400: Using dialect: org.hibernate.dialect.MySQL8Dialect
2021-10-13 22:23:27.031  INFO 9464 --- [main] o.h.e.t.j.p.i.JtaPlatformInitiator       : HHH000490: Using JtaPlatform implementation: [org.hibernate.engine.transaction.jta.platform.internal.NoJtaPlatform]
2021-10-13 22:23:27.038  INFO 9464 --- [main] j.LocalContainerEntityManagerFactoryBean : Initialized JPA EntityManagerFactory for persistence unit 'default'
2021-10-13 22:23:27.256  WARN 9464 --- [main] JpaBaseConfiguration$JpaWebConfiguration : spring.jpa.open-in-view is enabled by default. Therefore, database queries may be performed during view rendering. Explicitly configure spring.jpa.open-in-view to disable this warning
2021-10-13 22:23:27.725  INFO 9464 --- [main] o.s.b.a.e.web.EndpointLinksResolver      : Exposing 1 endpoint(s) beneath base path '/actuator'
2021-10-13 22:23:27.758  INFO 9464 --- [main] o.s.b.w.embedded.tomcat.TomcatWebServer  : Tomcat started on port(s): 8080 (http) with context path '/productapi'
2021-10-13 22:23:27.769  INFO 9464 --- [main] c.e.springweb.ProductrestapiApplication  : Started ProductrestapiApplication in 3.537 seconds (JVM running for 4.11)
2021-10-13 22:23:33.021  INFO 9464 --- [http-nio-8080-exec-1] o.a.c.c.C.[.[localhost].[/productapi]    : Initializing Spring DispatcherServlet 'dispatcherServlet'
2021-10-13 22:23:33.021  INFO 9464 --- [http-nio-8080-exec-1] o.s.web.servlet.DispatcherServlet        : Initializing Servlet 'dispatcherServlet'
2021-10-13 22:23:33.023  INFO 9464 --- [http-nio-8080-exec-1] o.s.web.servlet.DispatcherServlet        : Completed initialization in 2 ms
2021-10-13 22:25:55.408  INFO 9464 --- [RMI TCP Connection(12)-127.0.0.1] inMXBeanRegistrar$SpringApplicationAdmin : Application shutdown requested.
2021-10-13 22:25:55.580  INFO 9464 --- [RMI TCP Connection(12)-127.0.0.1] j.LocalContainerEntityManagerFactoryBean : Closing JPA EntityManagerFactory for persistence unit 'default'
2021-10-13 22:25:55.582  INFO 9464 --- [RMI TCP Connection(12)-127.0.0.1] com.zaxxer.hikari.HikariDataSource       : HikariPool-1 - Shutdown initiated...
2021-10-13 22:25:55.586  INFO 9464 --- [RMI TCP Connection(12)-127.0.0.1] com.zaxxer.hikari.HikariDataSource       : HikariPool-1 - Shutdown completed.
2021-10-13 22:26:08.453  INFO 15860 --- [main] c.e.springweb.ProductrestapiApplication  : Starting ProductrestapiApplication using Java 1.8.0_301 on DESKTOP-0G34TU3 with PID 15860 (D:\Java Workspace-1\productrestapi\target\classes started by passi in D:\Java Workspace-1\productrestapi)
2021-10-13 22:26:08.454  INFO 15860 --- [main] c.e.springweb.ProductrestapiApplication  : No active profile set, falling back to default profiles: default
2021-10-13 22:26:09.030  INFO 15860 --- [main] .s.d.r.c.RepositoryConfigurationDelegate : Bootstrapping Spring Data JPA repositories in DEFAULT mode.
2021-10-13 22:26:09.065  INFO 15860 --- [main] .s.d.r.c.RepositoryConfigurationDelegate : Finished Spring Data repository scanning in 27 ms. Found 1 JPA repository interfaces.
2021-10-13 22:26:09.435  INFO 15860 --- [main] o.s.b.w.embedded.tomcat.TomcatWebServer  : Tomcat initialized with port(s): 8080 (http)
2021-10-13 22:26:09.444  INFO 15860 --- [main] o.apache.catalina.core.StandardService   : Starting service [Tomcat]
2021-10-13 22:26:09.444  INFO 15860 --- [main] org.apache.catalina.core.StandardEngine  : Starting Servlet engine: [Apache Tomcat/9.0.53]
2021-10-13 22:26:09.522  INFO 15860 --- [main] o.a.c.c.C.[.[localhost].[/productapi]    : Initializing Spring embedded WebApplicationContext
2021-10-13 22:26:09.522  INFO 15860 --- [main] w.s.c.ServletWebServerApplicationContext : Root WebApplicationContext: initialization completed in 1037 ms
2021-10-13 22:26:09.703  INFO 15860 --- [main] com.zaxxer.hikari.HikariDataSource       : HikariPool-1 - Starting...
2021-10-13 22:26:10.232  INFO 15860 --- [main] com.zaxxer.hikari.HikariDataSource       : HikariPool-1 - Start completed.
2021-10-13 22:26:10.269  INFO 15860 --- [main] o.hibernate.jpa.internal.util.LogHelper  : HHH000204: Processing PersistenceUnitInfo [name: default]
2021-10-13 22:26:10.307  INFO 15860 --- [main] org.hibernate.Version                    : HHH000412: Hibernate ORM core version 5.4.32.Final
2021-10-13 22:26:10.414  INFO 15860 --- [main] o.hibernate.annotations.common.Version   : HCANN000001: Hibernate Commons Annotations {5.1.2.Final}
2021-10-13 22:26:10.515  INFO 15860 --- [main] org.hibernate.dialect.Dialect            : HHH000400: Using dialect: org.hibernate.dialect.MySQL8Dialect
2021-10-13 22:26:10.943  INFO 15860 --- [main] o.h.e.t.j.p.i.JtaPlatformInitiator       : HHH000490: Using JtaPlatform implementation: [org.hibernate.engine.transaction.jta.platform.internal.NoJtaPlatform]
2021-10-13 22:26:10.951  INFO 15860 --- [main] j.LocalContainerEntityManagerFactoryBean : Initialized JPA EntityManagerFactory for persistence unit 'default'
2021-10-13 22:26:11.176  WARN 15860 --- [main] JpaBaseConfiguration$JpaWebConfiguration : spring.jpa.open-in-view is enabled by default. Therefore, database queries may be performed during view rendering. Explicitly configure spring.jpa.open-in-view to disable this warning
2021-10-13 22:26:11.658  INFO 15860 --- [main] o.s.b.a.e.web.EndpointLinksResolver      : Exposing 1 endpoint(s) beneath base path '/actuator'
2021-10-13 22:26:11.691  INFO 15860 --- [main] o.s.b.w.embedded.tomcat.TomcatWebServer  : Tomcat started on port(s): 8080 (http) with context path '/productapi'
2021-10-13 22:26:11.703  INFO 15860 --- [main] c.e.springweb.ProductrestapiApplication  : Started ProductrestapiApplication in 3.553 seconds (JVM running for 4.159)
2021-10-13 22:26:15.762  INFO 15860 --- [http-nio-8080-exec-1] o.a.c.c.C.[.[localhost].[/productapi]    : Initializing Spring DispatcherServlet 'dispatcherServlet'
2021-10-13 22:26:15.763  INFO 15860 --- [http-nio-8080-exec-1] o.s.web.servlet.DispatcherServlet        : Initializing Servlet 'dispatcherServlet'
2021-10-13 22:26:15.764  INFO 15860 --- [http-nio-8080-exec-1] o.s.web.servlet.DispatcherServlet        : Completed initialization in 1 ms
2021-10-13 22:28:00.627  INFO 15860 --- [RMI TCP Connection(12)-127.0.0.1] inMXBeanRegistrar$SpringApplicationAdmin : Application shutdown requested.
2021-10-13 22:28:00.797  INFO 15860 --- [RMI TCP Connection(12)-127.0.0.1] j.LocalContainerEntityManagerFactoryBean : Closing JPA EntityManagerFactory for persistence unit 'default'
2021-10-13 22:28:00.799  INFO 15860 --- [RMI TCP Connection(12)-127.0.0.1] com.zaxxer.hikari.HikariDataSource       : HikariPool-1 - Shutdown initiated...
2021-10-13 22:28:00.802  INFO 15860 --- [RMI TCP Connection(12)-127.0.0.1] com.zaxxer.hikari.HikariDataSource       : HikariPool-1 - Shutdown completed.
2021-10-13 22:28:07.411  INFO 11216 --- [main] c.e.springweb.ProductrestapiApplication  : Starting ProductrestapiApplication using Java 1.8.0_301 on DESKTOP-0G34TU3 with PID 11216 (D:\Java Workspace-1\productrestapi\target\classes started by passi in D:\Java Workspace-1\productrestapi)
2021-10-13 22:28:07.413  INFO 11216 --- [main] c.e.springweb.ProductrestapiApplication  : No active profile set, falling back to default profiles: default
2021-10-13 22:28:08.010  INFO 11216 --- [main] .s.d.r.c.RepositoryConfigurationDelegate : Bootstrapping Spring Data JPA repositories in DEFAULT mode.
2021-10-13 22:28:08.046  INFO 11216 --- [main] .s.d.r.c.RepositoryConfigurationDelegate : Finished Spring Data repository scanning in 29 ms. Found 1 JPA repository interfaces.
2021-10-13 22:28:08.425  INFO 11216 --- [main] o.s.b.w.embedded.tomcat.TomcatWebServer  : Tomcat initialized with port(s): 8080 (http)
2021-10-13 22:28:08.434  INFO 11216 --- [main] o.apache.catalina.core.StandardService   : Starting service [Tomcat]
2021-10-13 22:28:08.434  INFO 11216 --- [main] org.apache.catalina.core.StandardEngine  : Starting Servlet engine: [Apache Tomcat/9.0.53]
2021-10-13 22:28:08.513  INFO 11216 --- [main] o.a.c.c.C.[.[localhost].[/productapi]    : Initializing Spring embedded WebApplicationContext
2021-10-13 22:28:08.513  INFO 11216 --- [main] w.s.c.ServletWebServerApplicationContext : Root WebApplicationContext: initialization completed in 1068 ms
2021-10-13 22:28:08.700  INFO 11216 --- [main] com.zaxxer.hikari.HikariDataSource       : HikariPool-1 - Starting...
2021-10-13 22:28:09.209  INFO 11216 --- [main] com.zaxxer.hikari.HikariDataSource       : HikariPool-1 - Start completed.
2021-10-13 22:28:09.246  INFO 11216 --- [main] o.hibernate.jpa.internal.util.LogHelper  : HHH000204: Processing PersistenceUnitInfo [name: default]
2021-10-13 22:28:09.284  INFO 11216 --- [main] org.hibernate.Version                    : HHH000412: Hibernate ORM core version 5.4.32.Final
2021-10-13 22:28:09.393  INFO 11216 --- [main] o.hibernate.annotations.common.Version   : HCANN000001: Hibernate Commons Annotations {5.1.2.Final}
2021-10-13 22:28:09.496  INFO 11216 --- [main] org.hibernate.dialect.Dialect            : HHH000400: Using dialect: org.hibernate.dialect.MySQL8Dialect
2021-10-13 22:28:09.936  INFO 11216 --- [main] o.h.e.t.j.p.i.JtaPlatformInitiator       : HHH000490: Using JtaPlatform implementation: [org.hibernate.engine.transaction.jta.platform.internal.NoJtaPlatform]
2021-10-13 22:28:09.945  INFO 11216 --- [main] j.LocalContainerEntityManagerFactoryBean : Initialized JPA EntityManagerFactory for persistence unit 'default'
2021-10-13 22:28:10.170  WARN 11216 --- [main] JpaBaseConfiguration$JpaWebConfiguration : spring.jpa.open-in-view is enabled by default. Therefore, database queries may be performed during view rendering. Explicitly configure spring.jpa.open-in-view to disable this warning
2021-10-13 22:28:10.658  INFO 11216 --- [main] o.s.b.a.e.web.EndpointLinksResolver      : Exposing 14 endpoint(s) beneath base path '/actuator'
2021-10-13 22:28:10.696  INFO 11216 --- [main] o.s.b.w.embedded.tomcat.TomcatWebServer  : Tomcat started on port(s): 8080 (http) with context path '/productapi'
2021-10-13 22:28:10.707  INFO 11216 --- [main] c.e.springweb.ProductrestapiApplication  : Started ProductrestapiApplication in 3.608 seconds (JVM running for 4.171)
2021-10-13 22:28:12.927  INFO 11216 --- [http-nio-8080-exec-1] o.a.c.c.C.[.[localhost].[/productapi]    : Initializing Spring DispatcherServlet 'dispatcherServlet'
2021-10-13 22:28:12.927  INFO 11216 --- [http-nio-8080-exec-1] o.s.web.servlet.DispatcherServlet        : Initializing Servlet 'dispatcherServlet'
2021-10-13 22:28:12.928  INFO 11216 --- [http-nio-8080-exec-1] o.s.web.servlet.DispatcherServlet        : Completed initialization in 1 ms
2021-10-13 22:34:19.724  INFO 11216 --- [RMI TCP Connection(14)-127.0.0.1] inMXBeanRegistrar$SpringApplicationAdmin : Application shutdown requested.
2021-10-13 22:34:19.903  INFO 11216 --- [RMI TCP Connection(14)-127.0.0.1] j.LocalContainerEntityManagerFactoryBean : Closing JPA EntityManagerFactory for persistence unit 'default'
2021-10-13 22:34:19.904  INFO 11216 --- [RMI TCP Connection(14)-127.0.0.1] com.zaxxer.hikari.HikariDataSource       : HikariPool-1 - Shutdown initiated...
2021-10-13 22:34:19.908  INFO 11216 --- [RMI TCP Connection(14)-127.0.0.1] com.zaxxer.hikari.HikariDataSource       : HikariPool-1 - Shutdown completed.
2021-10-13 22:34:27.067  INFO 17624 --- [main] c.e.springweb.ProductrestapiApplication  : Starting ProductrestapiApplication using Java 1.8.0_301 on DESKTOP-0G34TU3 with PID 17624 (D:\Java Workspace-1\productrestapi\target\classes started by passi in D:\Java Workspace-1\productrestapi)
2021-10-13 22:34:27.069  INFO 17624 --- [main] c.e.springweb.ProductrestapiApplication  : No active profile set, falling back to default profiles: default
2021-10-13 22:34:27.681  INFO 17624 --- [main] .s.d.r.c.RepositoryConfigurationDelegate : Bootstrapping Spring Data JPA repositories in DEFAULT mode.
2021-10-13 22:34:27.718  INFO 17624 --- [main] .s.d.r.c.RepositoryConfigurationDelegate : Finished Spring Data repository scanning in 30 ms. Found 1 JPA repository interfaces.
2021-10-13 22:34:28.089  INFO 17624 --- [main] o.s.b.w.embedded.tomcat.TomcatWebServer  : Tomcat initialized with port(s): 8080 (http)
2021-10-13 22:34:28.097  INFO 17624 --- [main] o.apache.catalina.core.StandardService   : Starting service [Tomcat]
2021-10-13 22:34:28.098  INFO 17624 --- [main] org.apache.catalina.core.StandardEngine  : Starting Servlet engine: [Apache Tomcat/9.0.53]
2021-10-13 22:34:28.175  INFO 17624 --- [main] o.a.c.c.C.[.[localhost].[/productapi]    : Initializing Spring embedded WebApplicationContext
2021-10-13 22:34:28.176  INFO 17624 --- [main] w.s.c.ServletWebServerApplicationContext : Root WebApplicationContext: initialization completed in 1070 ms
2021-10-13 22:34:28.363  INFO 17624 --- [main] com.zaxxer.hikari.HikariDataSource       : HikariPool-1 - Starting...
2021-10-13 22:34:28.887  INFO 17624 --- [main] com.zaxxer.hikari.HikariDataSource       : HikariPool-1 - Start completed.
2021-10-13 22:34:28.924  INFO 17624 --- [main] o.hibernate.jpa.internal.util.LogHelper  : HHH000204: Processing PersistenceUnitInfo [name: default]
2021-10-13 22:34:28.961  INFO 17624 --- [main] org.hibernate.Version                    : HHH000412: Hibernate ORM core version 5.4.32.Final
2021-10-13 22:34:29.069  INFO 17624 --- [main] o.hibernate.annotations.common.Version   : HCANN000001: Hibernate Commons Annotations {5.1.2.Final}
2021-10-13 22:34:29.171  INFO 17624 --- [main] org.hibernate.dialect.Dialect            : HHH000400: Using dialect: org.hibernate.dialect.MySQL8Dialect
2021-10-13 22:34:29.605  INFO 17624 --- [main] o.h.e.t.j.p.i.JtaPlatformInitiator       : HHH000490: Using JtaPlatform implementation: [org.hibernate.engine.transaction.jta.platform.internal.NoJtaPlatform]
2021-10-13 22:34:29.613  INFO 17624 --- [main] j.LocalContainerEntityManagerFactoryBean : Initialized JPA EntityManagerFactory for persistence unit 'default'
2021-10-13 22:34:29.840  WARN 17624 --- [main] JpaBaseConfiguration$JpaWebConfiguration : spring.jpa.open-in-view is enabled by default. Therefore, database queries may be performed during view rendering. Explicitly configure spring.jpa.open-in-view to disable this warning
2021-10-13 22:34:30.336  INFO 17624 --- [main] o.s.b.a.e.web.EndpointLinksResolver      : Exposing 14 endpoint(s) beneath base path '/actuator'
2021-10-13 22:34:30.373  INFO 17624 --- [main] o.s.b.w.embedded.tomcat.TomcatWebServer  : Tomcat started on port(s): 8080 (http) with context path '/productapi'
2021-10-13 22:34:30.384  INFO 17624 --- [main] c.e.springweb.ProductrestapiApplication  : Started ProductrestapiApplication in 3.622 seconds (JVM running for 4.188)
2021-10-13 22:34:32.799  INFO 17624 --- [http-nio-8080-exec-1] o.a.c.c.C.[.[localhost].[/productapi]    : Initializing Spring DispatcherServlet 'dispatcherServlet'
2021-10-13 22:34:32.799  INFO 17624 --- [http-nio-8080-exec-1] o.s.web.servlet.DispatcherServlet        : Initializing Servlet 'dispatcherServlet'
2021-10-13 22:34:32.800  INFO 17624 --- [http-nio-8080-exec-1] o.s.web.servlet.DispatcherServlet        : Completed initialization in 1 ms
2021-10-13 22:35:34.570  INFO 17624 --- [RMI TCP Connection(9)-127.0.0.1] inMXBeanRegistrar$SpringApplicationAdmin : Application shutdown requested.
2021-10-13 22:35:34.733  INFO 17624 --- [RMI TCP Connection(9)-127.0.0.1] j.LocalContainerEntityManagerFactoryBean : Closing JPA EntityManagerFactory for persistence unit 'default'
2021-10-13 22:35:34.735  INFO 17624 --- [RMI TCP Connection(9)-127.0.0.1] com.zaxxer.hikari.HikariDataSource       : HikariPool-1 - Shutdown initiated...
2021-10-13 22:35:34.738  INFO 17624 --- [RMI TCP Connection(9)-127.0.0.1] com.zaxxer.hikari.HikariDataSource       : HikariPool-1 - Shutdown completed.
2021-10-13 22:35:42.838  INFO 6712 --- [main] c.e.springweb.ProductrestapiApplication  : Starting ProductrestapiApplication using Java 1.8.0_301 on DESKTOP-0G34TU3 with PID 6712 (D:\Java Workspace-1\productrestapi\target\classes started by passi in D:\Java Workspace-1\productrestapi)
2021-10-13 22:35:42.840  INFO 6712 --- [main] c.e.springweb.ProductrestapiApplication  : No active profile set, falling back to default profiles: default
2021-10-13 22:35:43.435  INFO 6712 --- [main] .s.d.r.c.RepositoryConfigurationDelegate : Bootstrapping Spring Data JPA repositories in DEFAULT mode.
2021-10-13 22:35:43.473  INFO 6712 --- [main] .s.d.r.c.RepositoryConfigurationDelegate : Finished Spring Data repository scanning in 31 ms. Found 1 JPA repository interfaces.
2021-10-13 22:35:43.855  INFO 6712 --- [main] o.s.b.w.embedded.tomcat.TomcatWebServer  : Tomcat initialized with port(s): 8080 (http)
2021-10-13 22:35:43.863  INFO 6712 --- [main] o.apache.catalina.core.StandardService   : Starting service [Tomcat]
2021-10-13 22:35:43.863  INFO 6712 --- [main] org.apache.catalina.core.StandardEngine  : Starting Servlet engine: [Apache Tomcat/9.0.53]
2021-10-13 22:35:43.939  INFO 6712 --- [main] o.a.c.c.C.[.[localhost].[/productapi]    : Initializing Spring embedded WebApplicationContext
2021-10-13 22:35:43.940  INFO 6712 --- [main] w.s.c.ServletWebServerApplicationContext : Root WebApplicationContext: initialization completed in 1068 ms
2021-10-13 22:35:44.121  INFO 6712 --- [main] com.zaxxer.hikari.HikariDataSource       : HikariPool-1 - Starting...
2021-10-13 22:35:44.639  INFO 6712 --- [main] com.zaxxer.hikari.HikariDataSource       : HikariPool-1 - Start completed.
2021-10-13 22:35:44.676  INFO 6712 --- [main] o.hibernate.jpa.internal.util.LogHelper  : HHH000204: Processing PersistenceUnitInfo [name: default]
2021-10-13 22:35:44.713  INFO 6712 --- [main] org.hibernate.Version                    : HHH000412: Hibernate ORM core version 5.4.32.Final
2021-10-13 22:35:44.825  INFO 6712 --- [main] o.hibernate.annotations.common.Version   : HCANN000001: Hibernate Commons Annotations {5.1.2.Final}
2021-10-13 22:35:44.929  INFO 6712 --- [main] org.hibernate.dialect.Dialect            : HHH000400: Using dialect: org.hibernate.dialect.MySQL8Dialect
2021-10-13 22:35:45.362  INFO 6712 --- [main] o.h.e.t.j.p.i.JtaPlatformInitiator       : HHH000490: Using JtaPlatform implementation: [org.hibernate.engine.transaction.jta.platform.internal.NoJtaPlatform]
2021-10-13 22:35:45.370  INFO 6712 --- [main] j.LocalContainerEntityManagerFactoryBean : Initialized JPA EntityManagerFactory for persistence unit 'default'
2021-10-13 22:35:45.595  WARN 6712 --- [main] JpaBaseConfiguration$JpaWebConfiguration : spring.jpa.open-in-view is enabled by default. Therefore, database queries may be performed during view rendering. Explicitly configure spring.jpa.open-in-view to disable this warning
2021-10-13 22:35:46.088  INFO 6712 --- [main] o.s.b.a.e.web.EndpointLinksResolver      : Exposing 14 endpoint(s) beneath base path '/actuator'
2021-10-13 22:35:46.126  INFO 6712 --- [main] o.s.b.w.embedded.tomcat.TomcatWebServer  : Tomcat started on port(s): 8080 (http) with context path '/productapi'
2021-10-13 22:35:46.137  INFO 6712 --- [main] c.e.springweb.ProductrestapiApplication  : Started ProductrestapiApplication in 3.601 seconds (JVM running for 4.176)
2021-10-13 22:35:50.299  INFO 6712 --- [http-nio-8080-exec-1] o.a.c.c.C.[.[localhost].[/productapi]    : Initializing Spring DispatcherServlet 'dispatcherServlet'
2021-10-13 22:35:50.299  INFO 6712 --- [http-nio-8080-exec-1] o.s.web.servlet.DispatcherServlet        : Initializing Servlet 'dispatcherServlet'
2021-10-13 22:35:50.301  INFO 6712 --- [http-nio-8080-exec-1] o.s.web.servlet.DispatcherServlet        : Completed initialization in 2 ms
2021-10-13 22:41:21.371  INFO 6712 --- [RMI TCP Connection(14)-127.0.0.1] inMXBeanRegistrar$SpringApplicationAdmin : Application shutdown requested.
2021-10-13 22:41:21.543  INFO 6712 --- [RMI TCP Connection(14)-127.0.0.1] j.LocalContainerEntityManagerFactoryBean : Closing JPA EntityManagerFactory for persistence unit 'default'
2021-10-13 22:41:21.545  INFO 6712 --- [RMI TCP Connection(14)-127.0.0.1] com.zaxxer.hikari.HikariDataSource       : HikariPool-1 - Shutdown initiated...
2021-10-13 22:41:21.549  INFO 6712 --- [RMI TCP Connection(14)-127.0.0.1] com.zaxxer.hikari.HikariDataSource       : HikariPool-1 - Shutdown completed.
2021-10-13 22:51:00.178  INFO 21668 --- [main] c.e.springweb.ProductrestapiApplication  : Starting ProductrestapiApplication using Java 1.8.0_301 on DESKTOP-0G34TU3 with PID 21668 (D:\Java Workspace-1\productrestapi\target\classes started by passi in D:\Java Workspace-1\productrestapi)
2021-10-13 22:51:00.180  INFO 21668 --- [main] c.e.springweb.ProductrestapiApplication  : No active profile set, falling back to default profiles: default
2021-10-13 22:51:00.777  INFO 21668 --- [main] .s.d.r.c.RepositoryConfigurationDelegate : Bootstrapping Spring Data JPA repositories in DEFAULT mode.
2021-10-13 22:51:00.812  INFO 21668 --- [main] .s.d.r.c.RepositoryConfigurationDelegate : Finished Spring Data repository scanning in 28 ms. Found 1 JPA repository interfaces.
2021-10-13 22:51:01.212  INFO 21668 --- [main] o.s.b.w.embedded.tomcat.TomcatWebServer  : Tomcat initialized with port(s): 8080 (http)
2021-10-13 22:51:01.220  INFO 21668 --- [main] o.apache.catalina.core.StandardService   : Starting service [Tomcat]
2021-10-13 22:51:01.220  INFO 21668 --- [main] org.apache.catalina.core.StandardEngine  : Starting Servlet engine: [Apache Tomcat/9.0.53]
2021-10-13 22:51:01.283  INFO 21668 --- [main] o.a.c.c.C.[.[localhost].[/productapi]    : Initializing Spring embedded WebApplicationContext
2021-10-13 22:51:01.284  INFO 21668 --- [main] w.s.c.ServletWebServerApplicationContext : Root WebApplicationContext: initialization completed in 1073 ms
2021-10-13 22:51:01.477  INFO 21668 --- [main] com.zaxxer.hikari.HikariDataSource       : HikariPool-1 - Starting...
2021-10-13 22:51:01.991  INFO 21668 --- [main] com.zaxxer.hikari.HikariDataSource       : HikariPool-1 - Start completed.
2021-10-13 22:51:02.028  INFO 21668 --- [main] o.hibernate.jpa.internal.util.LogHelper  : HHH000204: Processing PersistenceUnitInfo [name: default]
2021-10-13 22:51:02.065  INFO 21668 --- [main] org.hibernate.Version                    : HHH000412: Hibernate ORM core version 5.4.32.Final
2021-10-13 22:51:02.168  INFO 21668 --- [main] o.hibernate.annotations.common.Version   : HCANN000001: Hibernate Commons Annotations {5.1.2.Final}
2021-10-13 22:51:02.268  INFO 21668 --- [main] org.hibernate.dialect.Dialect            : HHH000400: Using dialect: org.hibernate.dialect.MySQL8Dialect
2021-10-13 22:51:02.692  INFO 21668 --- [main] o.h.e.t.j.p.i.JtaPlatformInitiator       : HHH000490: Using JtaPlatform implementation: [org.hibernate.engine.transaction.jta.platform.internal.NoJtaPlatform]
2021-10-13 22:51:02.701  INFO 21668 --- [main] j.LocalContainerEntityManagerFactoryBean : Initialized JPA EntityManagerFactory for persistence unit 'default'
2021-10-13 22:51:02.920  WARN 21668 --- [main] JpaBaseConfiguration$JpaWebConfiguration : spring.jpa.open-in-view is enabled by default. Therefore, database queries may be performed during view rendering. Explicitly configure spring.jpa.open-in-view to disable this warning
2021-10-13 22:51:03.394  INFO 21668 --- [main] .s.s.UserDetailsServiceAutoConfiguration : 

Using generated security password: 5d5c17cb-8233-4b38-bd41-44cc5dda6b93

2021-10-13 22:51:03.495  INFO 21668 --- [main] o.s.b.a.e.web.EndpointLinksResolver      : Exposing 14 endpoint(s) beneath base path '/actuator'
2021-10-13 22:51:03.509  INFO 21668 --- [main] o.s.s.web.DefaultSecurityFilterChain     : Will secure any request with [org.springframework.security.web.context.request.async.WebAsyncManagerIntegrationFilter@3dec79f8, org.springframework.security.web.context.SecurityContextPersistenceFilter@51d88c38, org.springframework.security.web.header.HeaderWriterFilter@7c9ea1d0, org.springframework.web.filter.CorsFilter@5bf7f15f, org.springframework.security.web.csrf.CsrfFilter@33e8e146, org.springframework.security.web.authentication.logout.LogoutFilter@2c15034f, org.springframework.security.web.authentication.UsernamePasswordAuthenticationFilter@7b2d58e6, org.springframework.security.web.authentication.ui.DefaultLoginPageGeneratingFilter@65015a49, org.springframework.security.web.authentication.ui.DefaultLogoutPageGeneratingFilter@14b26e90, org.springframework.security.web.authentication.www.BasicAuthenticationFilter@34bf66af, org.springframework.security.web.savedrequest.RequestCacheAwareFilter@57b33c29, org.springframework.security.web.servletapi.SecurityContextHolderAwareRequestFilter@5dd23809, org.springframework.security.web.authentication.AnonymousAuthenticationFilter@11309dd4, org.springframework.security.web.session.SessionManagementFilter@319b1c77, org.springframework.security.web.access.ExceptionTranslationFilter@6644bdf5, org.springframework.security.web.access.intercept.FilterSecurityInterceptor@621392ea]
2021-10-13 22:51:03.578  INFO 21668 --- [main] o.s.b.w.embedded.tomcat.TomcatWebServer  : Tomcat started on port(s): 8080 (http) with context path '/productapi'
2021-10-13 22:51:03.589  INFO 21668 --- [main] c.e.springweb.ProductrestapiApplication  : Started ProductrestapiApplication in 3.712 seconds (JVM running for 4.283)
2021-10-13 22:51:15.185  INFO 21668 --- [http-nio-8080-exec-1] o.a.c.c.C.[.[localhost].[/productapi]    : Initializing Spring DispatcherServlet 'dispatcherServlet'
2021-10-13 22:51:15.186  INFO 21668 --- [http-nio-8080-exec-1] o.s.web.servlet.DispatcherServlet        : Initializing Servlet 'dispatcherServlet'
2021-10-13 22:51:15.187  INFO 21668 --- [http-nio-8080-exec-1] o.s.web.servlet.DispatcherServlet        : Completed initialization in 1 ms
2021-10-13 23:00:15.313  INFO 21668 --- [RMI TCP Connection(19)-127.0.0.1] inMXBeanRegistrar$SpringApplicationAdmin : Application shutdown requested.
2021-10-13 23:00:15.484  INFO 21668 --- [RMI TCP Connection(19)-127.0.0.1] j.LocalContainerEntityManagerFactoryBean : Closing JPA EntityManagerFactory for persistence unit 'default'
2021-10-13 23:00:15.485  INFO 21668 --- [RMI TCP Connection(19)-127.0.0.1] com.zaxxer.hikari.HikariDataSource       : HikariPool-1 - Shutdown initiated...
2021-10-13 23:00:15.490  INFO 21668 --- [RMI TCP Connection(19)-127.0.0.1] com.zaxxer.hikari.HikariDataSource       : HikariPool-1 - Shutdown completed.
